{"level":"info","logsDirectory":"C:\\Office\\Git_clone\\Respos_Microservice\\ResPos\\micro service Respos\\micro_service_user\\src\\utils\\logs","message":"Logger initialized","service":"user-service","timestamp":"2025-02-26T05:55:13.985Z"}
{"level":"debug","message":"Debug logging enabled","service":"user-service","timestamp":"2025-02-26T05:55:13.988Z"}
{"level":"info","message":"Successfully connected to the database","service":"user-service","timestamp":"2025-02-26T05:55:14.457Z"}
{"level":"info","message":"Server is running on http://localhost:5001","service":"user-service","timestamp":"2025-02-26T05:55:14.459Z"}
{"level":"info","message":"Swagger documentation available at http://localhost:5001/api-docs","service":"user-service","timestamp":"2025-02-26T05:55:14.460Z"}
{"effectiveOrgId":"50","level":"info","message":"User authenticated successfully","service":"user-service","timestamp":"2025-02-26T06:00:28.634Z","uaid":"1","uid":"3","username":"outletmanager@respos.com"}
{"email":"outletmanager@respos.com","level":"info","message":"Login successful","service":"user-service","timestamp":"2025-02-26T06:00:28.665Z"}
{"effectiveOrgId":"50","level":"info","message":"User authenticated successfully","service":"user-service","timestamp":"2025-02-26T06:00:38.610Z","uaid":"1","uid":"3","username":"outletmanager@respos.com"}
{"email":"outletmanager@respos.com","level":"info","message":"Login successful","service":"user-service","timestamp":"2025-02-26T06:00:38.614Z"}
{"effectiveOrgId":"50","level":"info","message":"User authenticated successfully","service":"user-service","timestamp":"2025-02-26T06:01:27.786Z","uaid":"1","uid":"3","username":"outletmanager@respos.com"}
{"email":"outletmanager@respos.com","level":"info","message":"Login successful","service":"user-service","timestamp":"2025-02-26T06:01:27.789Z"}
{"effectiveOrgId":"50","level":"info","message":"User authenticated successfully","service":"user-service","timestamp":"2025-02-26T06:08:41.205Z","uaid":"1","uid":"3","username":"outletmanager@respos.com"}
{"email":"outletmanager@respos.com","level":"info","message":"Login successful","service":"user-service","timestamp":"2025-02-26T06:08:41.214Z"}
{"error":"ulid is required","level":"error","message":"Logout failed","service":"user-service","timestamp":"2025-02-26T06:21:05.358Z"}
{"error":"ulid is required","level":"error","message":"Error:","method":"POST","path":"/api/v2/auth/logout","service":"user-service","stack":"ValidationError: ulid is required\n    at logout (file:///C:/Office/Git_clone/Respos_Microservice/ResPos/micro%20service%20Respos/micro_service_user/src/controllers/userLoginController.js:36:19)\n    at Layer.handle [as handle_request] (C:\\Office\\Git_clone\\Respos_Microservice\\ResPos\\micro service Respos\\micro_service_user\\node_modules\\express\\lib\\router\\layer.js:95:5)\n    at next (C:\\Office\\Git_clone\\Respos_Microservice\\ResPos\\micro service Respos\\micro_service_user\\node_modules\\express\\lib\\router\\route.js:149:13)\n    at Route.dispatch (C:\\Office\\Git_clone\\Respos_Microservice\\ResPos\\micro service Respos\\micro_service_user\\node_modules\\express\\lib\\router\\route.js:119:3)\n    at Layer.handle [as handle_request] (C:\\Office\\Git_clone\\Respos_Microservice\\ResPos\\micro service Respos\\micro_service_user\\node_modules\\express\\lib\\router\\layer.js:95:5)\n    at C:\\Office\\Git_clone\\Respos_Microservice\\ResPos\\micro service Respos\\micro_service_user\\node_modules\\express\\lib\\router\\index.js:284:15\n    at Function.process_params (C:\\Office\\Git_clone\\Respos_Microservice\\ResPos\\micro service Respos\\micro_service_user\\node_modules\\express\\lib\\router\\index.js:346:12)\n    at next (C:\\Office\\Git_clone\\Respos_Microservice\\ResPos\\micro service Respos\\micro_service_user\\node_modules\\express\\lib\\router\\index.js:280:10)\n    at Function.handle (C:\\Office\\Git_clone\\Respos_Microservice\\ResPos\\micro service Respos\\micro_service_user\\node_modules\\express\\lib\\router\\index.js:175:3)\n    at router (C:\\Office\\Git_clone\\Respos_Microservice\\ResPos\\micro service Respos\\micro_service_user\\node_modules\\express\\lib\\router\\index.js:47:12)","timestamp":"2025-02-26T06:21:05.360Z"}
{"error":"ulid is required","level":"error","message":"Logout failed","service":"user-service","timestamp":"2025-02-26T06:21:07.050Z"}
{"error":"ulid is required","level":"error","message":"Error:","method":"POST","path":"/api/v2/auth/logout","service":"user-service","stack":"ValidationError: ulid is required\n    at logout (file:///C:/Office/Git_clone/Respos_Microservice/ResPos/micro%20service%20Respos/micro_service_user/src/controllers/userLoginController.js:36:19)\n    at Layer.handle [as handle_request] (C:\\Office\\Git_clone\\Respos_Microservice\\ResPos\\micro service Respos\\micro_service_user\\node_modules\\express\\lib\\router\\layer.js:95:5)\n    at next (C:\\Office\\Git_clone\\Respos_Microservice\\ResPos\\micro service Respos\\micro_service_user\\node_modules\\express\\lib\\router\\route.js:149:13)\n    at Route.dispatch (C:\\Office\\Git_clone\\Respos_Microservice\\ResPos\\micro service Respos\\micro_service_user\\node_modules\\express\\lib\\router\\route.js:119:3)\n    at Layer.handle [as handle_request] (C:\\Office\\Git_clone\\Respos_Microservice\\ResPos\\micro service Respos\\micro_service_user\\node_modules\\express\\lib\\router\\layer.js:95:5)\n    at C:\\Office\\Git_clone\\Respos_Microservice\\ResPos\\micro service Respos\\micro_service_user\\node_modules\\express\\lib\\router\\index.js:284:15\n    at Function.process_params (C:\\Office\\Git_clone\\Respos_Microservice\\ResPos\\micro service Respos\\micro_service_user\\node_modules\\express\\lib\\router\\index.js:346:12)\n    at next (C:\\Office\\Git_clone\\Respos_Microservice\\ResPos\\micro service Respos\\micro_service_user\\node_modules\\express\\lib\\router\\index.js:280:10)\n    at Function.handle (C:\\Office\\Git_clone\\Respos_Microservice\\ResPos\\micro service Respos\\micro_service_user\\node_modules\\express\\lib\\router\\index.js:175:3)\n    at router (C:\\Office\\Git_clone\\Respos_Microservice\\ResPos\\micro service Respos\\micro_service_user\\node_modules\\express\\lib\\router\\index.js:47:12)","timestamp":"2025-02-26T06:21:07.052Z"}
{"effectiveOrgId":"50","level":"info","message":"User authenticated successfully","service":"user-service","timestamp":"2025-02-26T07:14:33.252Z","uaid":"1","uid":"3","username":"outletmanager@respos.com"}
{"email":"outletmanager@respos.com","level":"info","message":"Login successful","service":"user-service","timestamp":"2025-02-26T07:14:33.261Z"}
{"level":"debug","message":"Token verified successfully","path":"/search-customer/7485","service":"user-service","timestamp":"2025-02-26T07:15:00.722Z","uid":"3"}
{"effectiveOrgId":"50","level":"info","message":"User authenticated successfully","service":"user-service","timestamp":"2025-02-26T10:03:55.070Z","uaid":"1","uid":"3","username":"outletmanager@respos.com"}
{"email":"outletmanager@respos.com","level":"info","message":"Login successful","service":"user-service","timestamp":"2025-02-26T10:03:55.079Z"}
{"effectiveOrgId":"50","level":"info","message":"User authenticated successfully","service":"user-service","timestamp":"2025-02-26T10:19:33.323Z","uaid":"1","uid":"32","username":"waitermanager@respos.com"}
{"email":"waitermanager@respos.com","level":"info","message":"Login successful","service":"user-service","timestamp":"2025-02-26T10:19:33.330Z"}
{"effectiveOrgId":"50","level":"info","message":"User authenticated successfully","service":"user-service","timestamp":"2025-02-26T10:48:13.932Z","uaid":"1","uid":"32","username":"waitermanager@respos.com"}
{"email":"waitermanager@respos.com","level":"info","message":"Login successful","service":"user-service","timestamp":"2025-02-26T10:48:13.938Z"}
{"level":"debug","message":"Token verified successfully","path":"/32","service":"user-service","timestamp":"2025-02-26T10:48:15.046Z","uid":"32"}
{"effectiveOrgId":"50","level":"info","message":"User authenticated successfully","service":"user-service","timestamp":"2025-02-26T12:18:44.046Z","uaid":"1","uid":"32","username":"waitermanager@respos.com"}
{"email":"waitermanager@respos.com","level":"info","message":"Login successful","service":"user-service","timestamp":"2025-02-26T12:18:44.052Z"}
{"level":"debug","message":"Token verified successfully","path":"/super-admin/uoid","service":"user-service","timestamp":"2025-02-26T12:19:06.522Z","uid":"32"}
{"effectiveOrgId":"50","level":"info","message":"User authenticated successfully","service":"user-service","timestamp":"2025-02-26T12:20:06.956Z","uaid":"1","uid":"32","username":"waitermanager@respos.com"}
{"email":"waitermanager@respos.com","level":"info","message":"Login successful","service":"user-service","timestamp":"2025-02-26T12:20:06.959Z"}
{"effectiveOrgId":"50","level":"info","message":"User authenticated successfully","service":"user-service","timestamp":"2025-02-26T12:24:09.984Z","uaid":"1","uid":"32","username":"waitermanager@respos.com"}
{"email":"waitermanager@respos.com","level":"info","message":"Login successful","service":"user-service","timestamp":"2025-02-26T12:24:09.989Z"}
{"level":"debug","message":"Token verified successfully","path":"/32","service":"user-service","timestamp":"2025-02-26T12:24:11.306Z","uid":"32"}
{"effectiveOrgId":"50","level":"info","message":"User authenticated successfully","service":"user-service","timestamp":"2025-02-26T12:50:16.393Z","uaid":"1","uid":"3","username":"outletmanager@respos.com"}
{"email":"outletmanager@respos.com","level":"info","message":"Login successful","service":"user-service","timestamp":"2025-02-26T12:50:16.399Z"}
{"effectiveOrgId":"50","level":"info","message":"User authenticated successfully","service":"user-service","timestamp":"2025-02-26T12:50:25.428Z","uaid":"1","uid":"3","username":"outletmanager@respos.com"}
{"email":"outletmanager@respos.com","level":"info","message":"Login successful","service":"user-service","timestamp":"2025-02-26T12:50:25.431Z"}
{"level":"debug","message":"Token verified successfully","path":"/search-customer/9586","service":"user-service","timestamp":"2025-02-26T12:50:52.607Z","uid":"3"}
{"effectiveOrgId":"50","level":"info","message":"User authenticated successfully","service":"user-service","timestamp":"2025-02-26T13:05:12.340Z","uaid":"1","uid":"32","username":"waitermanager@respos.com"}
{"email":"waitermanager@respos.com","level":"info","message":"Login successful","service":"user-service","timestamp":"2025-02-26T13:05:12.345Z"}
{"effectiveOrgId":"50","level":"info","message":"User authenticated successfully","service":"user-service","timestamp":"2025-02-26T13:06:18.354Z","uaid":"1","uid":"3","username":"outletmanager@respos.com"}
{"email":"outletmanager@respos.com","level":"info","message":"Login successful","service":"user-service","timestamp":"2025-02-26T13:06:18.358Z"}
{"effectiveOrgId":"50","level":"info","message":"User authenticated successfully","service":"user-service","timestamp":"2025-02-26T13:08:29.675Z","uaid":"1","uid":"32","username":"waitermanager@respos.com"}
{"email":"waitermanager@respos.com","level":"info","message":"Login successful","service":"user-service","timestamp":"2025-02-26T13:08:29.679Z"}
{"effectiveOrgId":"50","level":"info","message":"User authenticated successfully","service":"user-service","timestamp":"2025-02-26T13:16:41.429Z","uaid":"1","uid":"3","username":"outletmanager@respos.com"}
{"email":"outletmanager@respos.com","level":"info","message":"Login successful","service":"user-service","timestamp":"2025-02-26T13:16:41.436Z"}
{"level":"debug","message":"Token verified successfully","path":"/search-customer/9586","service":"user-service","timestamp":"2025-02-26T13:18:31.840Z","uid":"3"}
{"level":"debug","message":"Token verified successfully","path":"/search-customer/9586","service":"user-service","timestamp":"2025-02-26T13:27:05.829Z","uid":"3"}
{"level":"debug","message":"Token verified successfully","path":"/search-customer/9586","service":"user-service","timestamp":"2025-02-26T13:28:44.046Z","uid":"3"}
{"level":"debug","message":"Token verified successfully","path":"/search-customer/9586","service":"user-service","timestamp":"2025-02-26T13:40:17.949Z","uid":"3"}
